This is LuaHBTeX, Version 1.21.0 (TeX Live 2025/nixos.org)  (format=lualatex 1980.1.1)  1 JAN 1980 01:00
 restricted system commands enabled.
**mainl2.tex
(./mainl2.tex
LaTeX2e <2025-06-01> patch level 1
L3 programming layer <2025-06-09>
Lua module: luaotfload 2024-12-03 v3.29 Lua based OpenType font support
Lua module: lualibs 2023-07-13 v2.76 ConTeXt Lua standard libraries.
Lua module: lualibs-extended 2023-07-13 v2.76 ConTeXt Lua libraries -- extended 
collection.
luaotfload | conf : Root cache directory is "/home/wololo/.texlive2025/texmf-var
/luatex-cache/generic/names".
luaotfload | init : Loading fontloader "fontloader-2023-12-28.lua" from kpse-res
olved path "/nix/store/bixnannf5mn5mg2zlixsbigrhdyvf911-texlive-combined-2025-te
xmfdist/tex/luatex/luaotfload/fontloader-2023-12-28.lua".
Lua-only attribute luaotfload@noligature = 1
luaotfload | init : Context OpenType loader version 3.134
Inserting `luaotfload.node_processor' in `pre_linebreak_filter'.
Inserting `luaotfload.node_processor' in `hpack_filter'.
Inserting `luaotfload.glyph_stream' in `glyph_stream_provider'.
Inserting `luaotfload.define_font' in `define_font'.
Lua-only attribute luaotfload_color_attribute = 2
luaotfload | conf : Root cache directory is "/home/wololo/.texlive2025/texmf-var
/luatex-cache/generic/names".
Inserting `luaotfload.harf.strip_prefix' in `find_opentype_file'.
Inserting `luaotfload.harf.strip_prefix' in `find_truetype_file'.
Removing  `luaotfload.glyph_stream' from `glyph_stream_provider'.
Inserting `luaotfload.harf.glyphstream' in `glyph_stream_provider'.
Inserting `luaotfload.harf.finalize_vlist' in `post_linebreak_filter'.
Inserting `luaotfload.harf.finalize_hlist' in `hpack_filter'.
Inserting `luaotfload.cleanup_files' in `wrapup_run'.
Inserting `luaotfload.harf.finalize_unicode' in `finish_pdffile'.
Inserting `luaotfload.glyphinfo' in `glyph_info'.
Lua-only attribute luaotfload.letterspace_done = 3
Inserting `luaotfload.aux.set_sscale_dimens' in `luaotfload.patch_font'.
Inserting `luaotfload.aux.set_font_index' in `luaotfload.patch_font'.
Inserting `luaotfload.aux.patch_cambria_domh' in `luaotfload.patch_font'.
Inserting `luaotfload.aux.fixup_fontdata' in `luaotfload.patch_font_unsafe'.
Inserting `luaotfload.aux.set_capheight' in `luaotfload.patch_font'.
Inserting `luaotfload.aux.set_xheight' in `luaotfload.patch_font'.
Inserting `luaotfload.rewrite_fontname' in `luaotfload.patch_font'.
Inserting `tracingstacklevels' in `input_level_string'.
(/nix/store/bixnannf5mn5mg2zlixsbigrhdyvf911-texlive-combined-2025-texmfdist/te
x/latex/base/report.cls
Document Class: report 2025/01/22 v1.4n Standard LaTeX document class

(/nix/store/bixnannf5mn5mg2zlixsbigrhdyvf911-texlive-combined-2025-texmfdist/te
x/latex/base/size10.clo
File: size10.clo 2025/01/22 v1.4n Standard LaTeX file (size option)
luaotfload | db : Font names database loaded from /home/wololo/.texlive2025/texm
f-var/luatex-cache/generic/names/luaotfload-names.luc.gz)
\c@part=\count273
\c@chapter=\count274
\c@section=\count275
\c@subsection=\count276
\c@subsubsection=\count277
\c@paragraph=\count278
\c@subparagraph=\count279
\c@figure=\count280
\c@table=\count281
\abovecaptionskip=\skip49
\belowcaptionskip=\skip50
\bibindent=\dimen147
)
(/nix/store/bixnannf5mn5mg2zlixsbigrhdyvf911-texlive-combined-2025-texmfdist/te
x/latex/amsfonts/amsfonts.sty
Package: amsfonts 2013/01/14 v3.01 Basic AMSFonts support
\@emptytoks=\toks17
\symAMSa=\mathgroup4
\symAMSb=\mathgroup5
LaTeX Font Info:    Redeclaring math symbol \hbar on input line 98.
LaTeX Font Info:    Overwriting math alphabet `\mathfrak' in version `bold'
(Font)                  U/euf/m/n --> U/euf/b/n on input line 106.
)
(/nix/store/bixnannf5mn5mg2zlixsbigrhdyvf911-texlive-combined-2025-texmfdist/te
x/latex/amsmath/amstext.sty
Package: amstext 2024/11/17 v2.01 AMS text

(/nix/store/bixnannf5mn5mg2zlixsbigrhdyvf911-texlive-combined-2025-texmfdist/te
x/latex/amsmath/amsgen.sty
File: amsgen.sty 1999/11/30 v2.0 generic functions
\@emptytoks=\toks18
\ex@=\dimen148
))
(/nix/store/bixnannf5mn5mg2zlixsbigrhdyvf911-texlive-combined-2025-texmfdist/te
x/latex/amscls/amsthm.sty
Package: amsthm 2020/05/29 v2.20.6
\thm@style=\toks19
\thm@bodyfont=\toks20
\thm@headfont=\toks21
\thm@notefont=\toks22
\thm@headpunct=\toks23
\thm@preskip=\skip51
\thm@postskip=\skip52
\thm@headsep=\skip53
\dth@everypar=\toks24
) (../utils/ruleset.tex
(/nix/store/bixnannf5mn5mg2zlixsbigrhdyvf911-texlive-combined-2025-texmfdist/te
x/latex/titlesec/titlesec.sty
Package: titlesec 2025/01/04 v2.17 Sectioning titles
\ttl@box=\box53
\beforetitleunit=\skip54
\aftertitleunit=\skip55
\ttl@plus=\dimen149
\ttl@minus=\dimen150
\ttl@toksa=\toks25
\titlewidth=\dimen151
\titlewidthlast=\dimen152
\titlewidthfirst=\dimen153
)
\c@example=\count282
\c@definition=\count283
\c@theorem=\count284
\c@exercise=\count285
\c@remark=\count286
)
(/nix/store/bixnannf5mn5mg2zlixsbigrhdyvf911-texlive-combined-2025-texmfdist/te
x/latex/l3backend/l3backend-luatex.def
File: l3backend-luatex.def 2025-06-09 L3 backend support: PDF output (LuaTeX)
\l__color_backend_stack_int=\count287
Inserting `l3color' in `luaotfload.parse_color'.) (./mainl2.aux
(./L2Chapters/groupes/groupes.aux) (./L2Chapters/corps_finis/main.aux)
(./L2Chapters/espace_vectoriel/main.aux) (./L2Chapters/matrice/main.aux))
\openout1 = mainl2.aux

LaTeX Font Info:    Checking defaults for OML/cmm/m/it on input line 13.
LaTeX Font Info:    ... okay on input line 13.
LaTeX Font Info:    Checking defaults for OMS/cmsy/m/n on input line 13.
LaTeX Font Info:    ... okay on input line 13.
LaTeX Font Info:    Checking defaults for OT1/cmr/m/n on input line 13.
LaTeX Font Info:    ... okay on input line 13.
LaTeX Font Info:    Checking defaults for T1/cmr/m/n on input line 13.
LaTeX Font Info:    ... okay on input line 13.
LaTeX Font Info:    Checking defaults for TS1/cmr/m/n on input line 13.
LaTeX Font Info:    ... okay on input line 13.
LaTeX Font Info:    Checking defaults for TU/lmr/m/n on input line 13.
LaTeX Font Info:    ... okay on input line 13.
LaTeX Font Info:    Checking defaults for OMX/cmex/m/n on input line 13.
LaTeX Font Info:    ... okay on input line 13.
LaTeX Font Info:    Checking defaults for U/cmr/m/n on input line 13.
LaTeX Font Info:    ... okay on input line 13.
LaTeX Font Info:    Trying to load font information for U+msa on input line 14.


(/nix/store/bixnannf5mn5mg2zlixsbigrhdyvf911-texlive-combined-2025-texmfdist/te
x/latex/amsfonts/umsa.fd
File: umsa.fd 2013/01/14 v3.01 AMS symbols A
)
LaTeX Font Info:    Trying to load font information for U+msb on input line 14.


(/nix/store/bixnannf5mn5mg2zlixsbigrhdyvf911-texlive-combined-2025-texmfdist/te
x/latex/amsfonts/umsb.fd
File: umsb.fd 2013/01/14 v3.01 AMS symbols B
)

[1

{/nix/store/86zdk5vyg3fplzqi4dmcdk28q7ynd1pj-texlive-combined-2025/share/texmf-v
ar/fonts/map/pdftex/updmap/pdftex.map}]
\openout2 = L2Chapters/groupes/groupes.aux
 (./L2Chapters/groupes/groupes.tex
Chapter 1.

Underfull \hbox (badness 10000) in paragraph at lines 29--31

 []

)

[1


]
\openout2 = L2Chapters/corps_finis/main.aux
 (./L2Chapters/corps_finis/main.tex (./L2Chapters/corps_finis/macros.tex)
Chapter 2.
(./L2Chapters/corps_finis/definitions.tex))

[2




]
\openout2 = L2Chapters/espace_vectoriel/main.aux
 (./L2Chapters/espace_vectoriel/main.tex
Chapter 3.
(./L2Chapters/espace_vectoriel/exercices/ex1.tex)

[3




] (./L2Chapters/espace_vectoriel/exercices/ex2.tex
Overfull \hbox (58.25845pt too wide) in paragraph at lines 18--20
[]\TU/lmr/m/n/10 nu-mero 4, j’ai choisi de rem-placer une des com-posantes par
 -1, $\OT1/cmr/m/n/10 ((\OMS/cmsy/m/n/10 ^^@\OT1/cmr/m/n/10 1\OML/cmm/m/it/10 ; \OT1/cmr/m/n/10 0\OML/cmm/m/it/10 ; \OT1/cmr/m/n/10 0)\OML/cmm/m/it/10 ; \OT1/cmr/m/n/10 (0\OML/cmm/m/it/10 ; \OT1/cmr/m/n/10 1\OML/cmm/m/it/10 ; \OT1/cmr/m/n/10 0)\OML/cmm/m/it/10 ; \OT1/cmr/m/n/10 (0\OML/cmm/m/it/10 ; \OT1/cmr/m/n/10 0\OML/cmm/m/it/10 ; \OT1/cmr/m/n/10 1))$\TU/lmr/m/n/10 .
 []

))

[4]
\openout2 = L2Chapters/matrice/main.aux
 (./L2Chapters/matrice/main.tex
Chapter 4.
Missing character: There is no − (U+2212) in font cmr10!
Missing character: There is no − (U+2212) in font cmr10!
Missing character: There is no − (U+2212) in font cmr10!
Missing character: There is no − (U+2212) in font cmr10!


[5




])

[6] (./mainl2.aux (./L2Chapters/groupes/groupes.aux)
(./L2Chapters/corps_finis/main.aux) (./L2Chapters/espace_vectoriel/main.aux)
(./L2Chapters/matrice/main.aux))
 ***********
LaTeX2e <2025-06-01> patch level 1
L3 programming layer <2025-06-09>
 ***********
)

Here is how much of LuaTeX's memory you used:
 1338 strings out of 470205
 100000,662416 words of node,token memory allocated
 493 words of node memory still in use:
   3 hlist, 1 vlist, 1 rule, 2 glue, 3 kern, 1 glyph, 18 attribute, 53 glue_spec
, 18 attribute_list, 3 write nodes
   avail lists: 2:388,3:216,4:9,5:254,6:34,7:6456,8:33,9:364,10:6,11:344
 29586 multiletter control sequences out of 65536+600000
 61 fonts using 4273351 bytes
 42i,6n,49p,542b,264s stack positions out of 10000i,1000n,20000p,200000b,200000s
</nix/store/swxn2kgfg47a8r0igh45r51c7x3mk92s-lm-2.005-tex/fonts/opentype/public/
lm/lmroman10-italic.otf></nix/store/swxn2kgfg47a8r0igh45r51c7x3mk92s-lm-2.005-te
x/fonts/opentype/public/lm/lmroman10-regular.otf></nix/store/swxn2kgfg47a8r0igh4
5r51c7x3mk92s-lm-2.005-tex/fonts/opentype/public/lm/lmroman10-bold.otf></nix/sto
re/swxn2kgfg47a8r0igh45r51c7x3mk92s-lm-2.005-tex/fonts/opentype/public/lm/lmroma
n12-bold.otf></nix/store/swxn2kgfg47a8r0igh45r51c7x3mk92s-lm-2.005-tex/fonts/ope
ntype/public/lm/lmroman12-regular.otf></nix/store/swxn2kgfg47a8r0igh45r51c7x3mk9
2s-lm-2.005-tex/fonts/opentype/public/lm/lmroman17-regular.otf></nix/store/bixna
nnf5mn5mg2zlixsbigrhdyvf911-texlive-combined-2025-texmfdist/fonts/type1/public/a
msfonts/cm/cmex10.pfb></nix/store/bixnannf5mn5mg2zlixsbigrhdyvf911-texlive-combi
ned-2025-texmfdist/fonts/type1/public/amsfonts/cm/cmmi10.pfb></nix/store/bixnann
f5mn5mg2zlixsbigrhdyvf911-texlive-combined-2025-texmfdist/fonts/type1/public/ams
fonts/cm/cmmi7.pfb></nix/store/bixnannf5mn5mg2zlixsbigrhdyvf911-texlive-combined
-2025-texmfdist/fonts/type1/public/amsfonts/cm/cmr10.pfb></nix/store/bixnannf5mn
5mg2zlixsbigrhdyvf911-texlive-combined-2025-texmfdist/fonts/type1/public/amsfont
s/cm/cmr5.pfb></nix/store/bixnannf5mn5mg2zlixsbigrhdyvf911-texlive-combined-2025
-texmfdist/fonts/type1/public/amsfonts/cm/cmr7.pfb></nix/store/bixnannf5mn5mg2zl
ixsbigrhdyvf911-texlive-combined-2025-texmfdist/fonts/type1/public/amsfonts/cm/c
msy10.pfb></nix/store/bixnannf5mn5mg2zlixsbigrhdyvf911-texlive-combined-2025-tex
mfdist/fonts/type1/public/amsfonts/cm/cmsy7.pfb></nix/store/bixnannf5mn5mg2zlixs
bigrhdyvf911-texlive-combined-2025-texmfdist/fonts/type1/public/amsfonts/symbols
/msbm10.pfb></nix/store/bixnannf5mn5mg2zlixsbigrhdyvf911-texlive-combined-2025-t
exmfdist/fonts/type1/public/amsfonts/symbols/msbm7.pfb>
Output written on mainl2.pdf (7 pages, 120151 bytes).

PDF statistics: 108 PDF objects out of 1000 (max. 8388607)
 70 compressed objects within 1 object stream
 0 named destinations out of 1000 (max. 131072)
 1 words of extra memory for PDF output out of 10000 (max. 100000000)

