This is pdfTeX, Version 3.141592653-2.6-1.40.26 (TeX Live 2024/nixos.org) (preloaded format=pdflatex 1980.1.1)  6 JUN 2025 08:10
entering extended mode
 restricted \write18 enabled.
 %&-line parsing enabled.
**main.tex
(./main.tex
LaTeX2e <2024-11-01> patch level 2
L3 programming layer <2025-01-18>
(./ruleset.tex
\c@example=\count196
\c@definition=\count197
)
(/nix/store/1k04yvgg23qnv1mbdwrljdwxkbr4nasd-texlive-combined-basic-2024-final-
texmfdist/tex/latex/base/report.cls
Document Class: report 2024/06/29 v1.4n Standard LaTeX document class

(/nix/store/1k04yvgg23qnv1mbdwrljdwxkbr4nasd-texlive-combined-basic-2024-final-
texmfdist/tex/latex/base/size10.clo
File: size10.clo 2024/06/29 v1.4n Standard LaTeX file (size option)
)
\c@part=\count198
\c@chapter=\count199
\c@section=\count266
\c@subsection=\count267
\c@subsubsection=\count268
\c@paragraph=\count269
\c@subparagraph=\count270
\c@figure=\count271
\c@table=\count272
\abovecaptionskip=\skip49
\belowcaptionskip=\skip50
\bibindent=\dimen141
)
(/nix/store/1k04yvgg23qnv1mbdwrljdwxkbr4nasd-texlive-combined-basic-2024-final-
texmfdist/tex/latex/l3backend/l3backend-pdftex.def
File: l3backend-pdftex.def 2024-05-08 L3 backend support: PDF output (pdfTeX)
\l__color_backend_stack_int=\count273
\l__pdf_internal_box=\box52
) (./main.aux
(./chapters/combinatoire.aux))
\openout1 = `main.aux'.

LaTeX Font Info:    Checking defaults for OML/cmm/m/it on input line 5.
LaTeX Font Info:    ... okay on input line 5.
LaTeX Font Info:    Checking defaults for OMS/cmsy/m/n on input line 5.
LaTeX Font Info:    ... okay on input line 5.
LaTeX Font Info:    Checking defaults for OT1/cmr/m/n on input line 5.
LaTeX Font Info:    ... okay on input line 5.
LaTeX Font Info:    Checking defaults for T1/cmr/m/n on input line 5.
LaTeX Font Info:    ... okay on input line 5.
LaTeX Font Info:    Checking defaults for TS1/cmr/m/n on input line 5.
LaTeX Font Info:    ... okay on input line 5.
LaTeX Font Info:    Checking defaults for OMX/cmex/m/n on input line 5.
LaTeX Font Info:    ... okay on input line 5.
LaTeX Font Info:    Checking defaults for U/cmr/m/n on input line 5.
LaTeX Font Info:    ... okay on input line 5.
\openout2 = `chapters/combinatoire.aux'.

 (./chapters/combinatoire.tex
Chapter 1.
)

[1



{/nix/store/xhwvdg3mxr4xj3ayfsz37bk67273d45l-texlive-combined-basic-2024-final/
share/texmf-var/fonts/map/pdftex/updmap/pdftex.map}] (./main.aux
(./chapters/combinatoire.aux))
 ***********
LaTeX2e <2024-11-01> patch level 2
L3 programming layer <2025-01-18>
 ***********
 ) 
Here is how much of TeX's memory you used:
 504 strings out of 475129
 10022 string characters out of 5758947
 390663 words of memory out of 5000000
 23577 multiletter control sequences out of 15000+600000
 559750 words of font info for 39 fonts, out of 8000000 for 9000
 36 hyphenation exceptions out of 8191
 35i,5n,50p,167b,113s stack positions out of 10000i,1000n,20000p,200000b,200000s
</nix/store/1k04yvgg23qnv1mbdwrljdwxkbr4nasd-texlive-combined-basic-2024-fina
l-texmfdist/fonts/type1/public/amsfonts/cm/cmbx12.pfb></nix/store/1k04yvgg23qnv
1mbdwrljdwxkbr4nasd-texlive-combined-basic-2024-final-texmfdist/fonts/type1/pub
lic/amsfonts/cm/cmr10.pfb>
Output written on main.pdf (1 page, 19371 bytes).
PDF statistics:
 18 PDF objects out of 1000 (max. 8388607)
 10 compressed objects within 1 object stream
 0 named destinations out of 1000 (max. 500000)
 1 words of extra memory for PDF output out of 10000 (max. 10000000)

